<?xml version="1.0" encoding="UTF-8"?>
<!-- Generated by org.testng.reporters.JUnitReportReporter -->
<testsuite skipped="0" hostname="admin-PC" name="com.scripts.SignUpTest" tests="6" failures="0" timestamp="21 Dec 2021 07:46:56 GMT" time="15.065" errors="0">
  <testcase name="selectCreateNewAccountTest" time="1.042" classname="com.scripts.SignUpTest"/>
  <testcase name="inputNameTest" time="7.255" classname="com.scripts.SignUpTest"/>
  <testcase name="inputEmailAddressTest" time="0.991" classname="com.scripts.SignUpTest"/>
  <testcase name="inputPasswordTest" time="0.322" classname="com.scripts.SignUpTest"/>
  <testcase name="inputDateTest" time="4.615" classname="com.scripts.SignUpTest"/>
  <testcase name="selectGenderTest" time="0.840" classname="com.scripts.SignUpTest"/>
</testsuite> <!-- com.scripts.SignUpTest -->
