<?xml version="1.0" encoding="UTF-8"?>
<!-- Generated by org.testng.reporters.JUnitReportReporter -->
<testsuite skipped="0" hostname="admin-PC" name="com.scripts.SignUpTest" tests="6" failures="0" timestamp="28 Dec 2021 13:01:20 GMT" time="8.144" errors="0">
  <testcase name="selectCreateNewAccountTest" time="0.296" classname="com.scripts.SignUpTest"/>
  <testcase name="inputNameTest" time="2.692" classname="com.scripts.SignUpTest"/>
  <testcase name="inputEmailAddressTest" time="3.452" classname="com.scripts.SignUpTest"/>
  <testcase name="inputPasswordTest" time="0.323" classname="com.scripts.SignUpTest"/>
  <testcase name="inputDateTest" time="1.118" classname="com.scripts.SignUpTest"/>
  <testcase name="selectGenderTest" time="0.263" classname="com.scripts.SignUpTest"/>
</testsuite> <!-- com.scripts.SignUpTest -->
