<?xml version="1.0" encoding="UTF-8"?>
<!-- Generated by org.testng.reporters.JUnitReportReporter -->
<testsuite skipped="0" hostname="admin-PC" name="com.scripts.AutomationPracticeTest" tests="2" failures="0" timestamp="24 Dec 2021 14:08:51 GMT" time="13.232" errors="0">
  <testcase name="TCID_101" time="7.281" classname="com.scripts.AutomationPracticeTest"/>
  <testcase name="TCID_102" time="5.951" classname="com.scripts.AutomationPracticeTest"/>
</testsuite> <!-- com.scripts.AutomationPracticeTest -->
