<?xml version="1.0" encoding="UTF-8"?>
<!-- Generated by org.testng.reporters.JUnitReportReporter -->
<testsuite skipped="0" hostname="admin-PC" name="com.TestNGAnnotations.AmazonEx" tests="2" failures="0" timestamp="17 Dec 2021 03:10:11 GMT" time="0.022" errors="0">
  <testcase name="changeProfilePictureTest" time="0.016" classname="com.TestNGAnnotations.AmazonEx"/>
  <testcase name="changeUserIdTest" time="0.006" classname="com.TestNGAnnotations.AmazonEx"/>
</testsuite> <!-- com.TestNGAnnotations.AmazonEx -->
