<?xml version="1.0" encoding="UTF-8"?>
<!-- Generated by org.testng.reporters.JUnitReportReporter -->
<testsuite skipped="0" hostname="admin-PC" name="com.scripts.OrangeHrmTest" tests="2" failures="0" timestamp="23 Dec 2021 05:47:28 GMT" time="2.085" errors="0">
  <testcase name="enterIdPassword" time="0.657" classname="com.scripts.OrangeHrmTest"/>
  <testcase name="selectLoginTest" time="1.428" classname="com.scripts.OrangeHrmTest"/>
</testsuite> <!-- com.scripts.OrangeHrmTest -->
