<?xml version="1.0" encoding="UTF-8"?>
<!-- Generated by org.testng.reporters.JUnitReportReporter -->
<testsuite skipped="0" hostname="admin-PC" name="com.scripts.OrangeHrmTest" tests="2" failures="0" timestamp="22 Dec 2021 12:45:19 GMT" time="1.959" errors="0">
  <testcase name="enterIdPassword" time="0.552" classname="com.scripts.OrangeHrmTest"/>
  <testcase name="selectLoginTest" time="1.407" classname="com.scripts.OrangeHrmTest"/>
</testsuite> <!-- com.scripts.OrangeHrmTest -->
