<?xml version="1.0" encoding="UTF-8"?>
<!-- Generated by org.testng.reporters.JUnitReportReporter -->
<testsuite skipped="0" hostname="admin-PC" name="com.scripts.SignUpTest" tests="1" failures="0" timestamp="16 Dec 2021 13:19:58 GMT" time="7.284" errors="0">
  <testcase name="testSelectCreateNewAccount" time="7.284" classname="com.scripts.SignUpTest"/>
</testsuite> <!-- com.scripts.SignUpTest -->
