<?xml version="1.0" encoding="UTF-8"?>
<!-- Generated by org.testng.reporters.JUnitReportReporter -->
<testsuite skipped="0" hostname="admin-PC" name="com.scripts.SignUpTest" tests="6" failures="0" timestamp="16 Dec 2021 16:03:36 GMT" time="5.849" errors="0">
  <testcase name="test_01" time="1.790" classname="com.scripts.SignUpTest"/>
  <testcase name="test_02" time="1.857" classname="com.scripts.SignUpTest"/>
  <testcase name="test_03" time="0.915" classname="com.scripts.SignUpTest"/>
  <testcase name="test_04" time="0.219" classname="com.scripts.SignUpTest"/>
  <testcase name="test_05" time="0.882" classname="com.scripts.SignUpTest"/>
  <testcase name="test_06" time="0.186" classname="com.scripts.SignUpTest"/>
</testsuite> <!-- com.scripts.SignUpTest -->
